<?xml version='1.0'?>
<ns2:test-suite xmlns:ns2='urn:model.allure.qatools.yandex.ru' start='1564253341856' stop='1564253343192'>
    <name>Basic website: Get the title of webpage</name>
    <title>Basic website: Get the title of webpage</title>
    <test-cases>
        <test-case start='1564253341857' status='passed' stop='1564253343055'>
            <name>Given I go to the website</name>
            <title>Given I go to the website</title>
            <labels>
                <label name='language' value='javascript'/>
                <label name='framework' value='wdio'/>
                <label name='thread' value='0-0'/>
            </labels>
            <parameters>
                <parameter kind='argument' name='browser' value='chrome'/>
            </parameters>
            <steps>
                <step start='1564253341862' status='passed' stop='1564253343054'>
                    <name>POST /session/:sessionId/url</name>
                    <title>POST /session/:sessionId/url</title>
                    <attachments>
                        <attachment title='Request' source='2aa07c9c-b5c3-4bdd-8e0c-18f101f310da-attachment.json' type='application/json' size='31'/>
                    </attachments>
                    <steps/>
                </step>
            </steps>
            <attachments/>
        </test-case>
        <test-case start='1564253343056' status='passed' stop='1564253343056'>
            <name>When I land on the home page</name>
            <title>When I land on the home page</title>
            <labels>
                <label name='language' value='javascript'/>
                <label name='framework' value='wdio'/>
                <label name='thread' value='0-0'/>
            </labels>
            <parameters>
                <parameter kind='argument' name='browser' value='chrome'/>
            </parameters>
            <steps/>
            <attachments/>
        </test-case>
        <test-case start='1564253343056' status='failed' stop='1564253343192'>
            <name>Then I expect the title of the page "Node.js &amp; Passport App"</name>
            <title>Then I expect the title of the page "Node.js &amp; Passport App"</title>
            <labels>
                <label name='language' value='javascript'/>
                <label name='framework' value='wdio'/>
                <label name='thread' value='0-0'/>
            </labels>
            <parameters>
                <parameter kind='argument' name='browser' value='chrome'/>
            </parameters>
            <steps>
                <step start='1564253343058' status='passed' stop='1564253343177'>
                    <name>POST /session/:sessionId/element</name>
                    <title>POST /session/:sessionId/element</title>
                    <attachments>
                        <attachment title='Request' source='33e09072-65f2-4ba5-9998-ffb73f8690e8-attachment.json' type='application/json' size='56'/>
                        <attachment title='Response' source='626752c4-3a55-4fb8-ba26-dfe8f8651dda-attachment.json' type='application/json' size='39'/>
                    </attachments>
                    <steps/>
                </step>
                <step start='1564253343182' status='passed' stop='1564253343189'>
                    <name>GET /session/:sessionId/title</name>
                    <title>GET /session/:sessionId/title</title>
                    <attachments>
                        <attachment title='Response' source='6e186b2a-4b49-41e0-bc1d-e01274a6ef69-attachment.json' type='application/json' size='12'/>
                    </attachments>
                    <steps/>
                </step>
            </steps>
            <attachments/>
            <failure>
                <message>expected 'BBC - Home' to deeply equal 'Node.js &amp; Passport App'</message>
                <stack-trace>AssertionError: expected 'BBC - Home' to deeply equal 'Node.js &amp; Passport App'
                    at World.eql (/Users/rags/Workspace/NodeJS/loginFunctionality/test/steps/basic.js:26:35)</stack-trace>
            </failure>
        </test-case>
    </test-cases>
</ns2:test-suite>